
------------------------------------------------------------
Sender: LSF System <lsfadmin@hpc.dtu.dk>
Subject: Job 24837748: <jitpool256> in cluster <dcc> Done

Job <jitpool256> was submitted from host <hpclogin2> by user <s250372> in cluster <dcc> at Wed Apr 30 14:39:30 2025
Job was executed on host(s) <16*n-62-11-56>, in queue <hpc>, as user <s250372> in cluster <dcc> at Wed Apr 30 14:39:32 2025
</zhome/01/c/219552> was used as the home directory.
</zhome/01/c/219552/PythonHPC/Project/JIT> was used as the working directory.
Started at Wed Apr 30 14:39:32 2025
Terminated at Wed Apr 30 14:48:52 2025
Results reported at Wed Apr 30 14:48:52 2025

Your job looked like:

------------------------------------------------------------
# LSBATCH: User input
#!/bin/bash
#BSUB -J jitpool256
#BSUB -q hpc
#BSUB -W 2:00
#BSUB -R "rusage[mem=2GB]"
#BSUB -R "select[model == XeonGold6226R]"
#BSUB -n 16
#BSUB -R "span[hosts=1]"
#BSUB -o project_%J.out
#BSUB -e project_%J.err


source /dtu/projects/02613_2025/conda/conda_init.sh
conda activate 02613


# numba parameters for parallelization
export OMP_NUM_THREADS=$LSB_DJOB_NUMPROC
export NUMBA_NUM_THREADS=$OMP_NUM_THREADS
export NUMBA_THREADING_LAYER=omp
export MKL_NUM_THREADS=1

#python jitversion_pararell.py 32 > JIT_pool_results32.csv

#python jitversion_pararell.py 10 > JIT_pool_results10.csv

#python jitversion_pararell.py 64 > JIT_pool_results64.csv

#python jitversion_pararell.py 128 > JIT_pool_results128.csv

#python jitversion_pararell.py 256 > JIT_pool_results256.csv

python jitversion_pararell.py 512 > JIT_pool_results512.csv

python jitversion_pararell.py 1024 > JIT_pool_results1024.csv




------------------------------------------------------------

Successfully completed.

Resource usage summary:

    CPU time :                                   7857.64 sec.
    Max Memory :                                 7038 MB
    Average Memory :                             5756.00 MB
    Total Requested Memory :                     32768.00 MB
    Delta Memory :                               25730.00 MB
    Max Swap :                                   -
    Max Processes :                              20
    Max Threads :                                24
    Run time :                                   653 sec.
    Turnaround time :                            562 sec.

The output (if any) is above this job summary.



PS:

Read file <project_24837748.err> for stderr output of this job.

